src/NurumiKeyboard_Latest_v/app/build/outputs/apk/manifest-merger-debug-report.txt
-- Merging decision tree log ---
manifest
ADDED from AndroidManifest.xml:1:1
	xmlns:android
		ADDED from AndroidManifest.xml:1:11
	package
		ADDED from AndroidManifest.xml:2:5
		INJECTED from AndroidManifest.xml:0:0
		INJECTED from AndroidManifest.xml:0:0
	android:versionName
		ADDED from AndroidManifest.xml:4:5
	android:versionCode
		ADDED from AndroidManifest.xml:3:5
		INJECTED from AndroidManifest.xml:0:0
		INJECTED from AndroidManifest.xml:0:0
uses-sdk
ADDED from AndroidManifest.xml:6:5
MERGED from com.android.support:support-v4:22.0.0:20:5
	android:targetSdkVersion
		ADDED from AndroidManifest.xml:8:9
		INJECTED from AndroidManifest.xml:0:0
		INJECTED from AndroidManifest.xml:0:0
	android:minSdkVersion
		ADDED from AndroidManifest.xml:7:9
		INJECTED from AndroidManifest.xml:0:0
		INJECTED from AndroidManifest.xml:0:0
application
ADDED from AndroidManifest.xml:10:5
MERGED from com.android.support:support-v4:22.0.0:22:5
	android:label
		ADDED from AndroidManifest.xml:13:9
	android:allowBackup
		ADDED from AndroidManifest.xml:11:9
	android:icon
		ADDED from AndroidManifest.xml:12:9
	android:theme
		ADDED from AndroidManifest.xml:14:9
service#com.fouram.nurumikeyboard.NurumiIME.NurumiIME
ADDED from AndroidManifest.xml:16:9
	android:label
		ADDED from AndroidManifest.xml:17:7
	android:permission
		ADDED from AndroidManifest.xml:18:7
	android:name
		ADDED from AndroidManifest.xml:16:18
meta-data#android.view.im
ADDED from AndroidManifest.xml:20:7
	android:resource
		ADDED from AndroidManifest.xml:20:49
	android:name
		ADDED from AndroidManifest.xml:20:18
intent-filter#android.view.InputMethod
ADDED from AndroidManifest.xml:21:7
action#android.view.InputMethod
ADDED from AndroidManifest.xml:22:11
	android:name
		ADDED from AndroidManifest.xml:22:19